26-04-2022 01:43:44 [restartedMain] INFO  c.e.EmployeeProjectApplication - Starting EmployeeProjectApplication using Java 17.0.2 on Sunny with PID 10933 (/home/paritosh/Music/EmployeeProject/Employee-Project/target/classes started by paritosh in /home/paritosh/Music/EmployeeProject/Employee-Project)
26-04-2022 01:43:44 [restartedMain] INFO  c.e.EmployeeProjectApplication - No active profile set, falling back to 1 default profile: "default"
26-04-2022 01:43:44 [restartedMain] INFO  o.s.b.d.e.DevToolsPropertyDefaultsPostProcessor - Devtools property defaults active! Set 'spring.devtools.add-properties' to 'false' to disable
26-04-2022 01:43:44 [restartedMain] INFO  o.s.b.d.e.DevToolsPropertyDefaultsPostProcessor - For additional web related logging consider setting the 'logging.level.web' property to 'DEBUG'
26-04-2022 01:43:45 [restartedMain] INFO  o.s.d.r.c.RepositoryConfigurationDelegate - Bootstrapping Spring Data JPA repositories in DEFAULT mode.
26-04-2022 01:43:45 [restartedMain] INFO  o.s.d.r.c.RepositoryConfigurationDelegate - Finished Spring Data repository scanning in 44 ms. Found 2 JPA repository interfaces.
26-04-2022 01:43:46 [restartedMain] INFO  o.s.b.w.e.tomcat.TomcatWebServer - Tomcat initialized with port(s): 9295 (http)
26-04-2022 01:43:46 [restartedMain] INFO  o.a.catalina.core.StandardService - Starting service [Tomcat]
26-04-2022 01:43:46 [restartedMain] INFO  o.a.catalina.core.StandardEngine - Starting Servlet engine: [Apache Tomcat/9.0.62]
26-04-2022 01:43:46 [restartedMain] INFO  o.a.c.c.C.[Tomcat].[localhost].[/] - Initializing Spring embedded WebApplicationContext
26-04-2022 01:43:46 [restartedMain] INFO  o.s.b.w.s.c.ServletWebServerApplicationContext - Root WebApplicationContext: initialization completed in 2458 ms
26-04-2022 01:43:46 [restartedMain] INFO  com.zaxxer.hikari.HikariDataSource - EmployeePool - Starting...
26-04-2022 01:43:47 [restartedMain] INFO  com.zaxxer.hikari.HikariDataSource - EmployeePool - Start completed.
26-04-2022 01:43:47 [restartedMain] INFO  o.h.jpa.internal.util.LogHelper - HHH000204: Processing PersistenceUnitInfo [name: Address]
26-04-2022 01:43:47 [restartedMain] INFO  org.hibernate.Version - HHH000412: Hibernate ORM core version 5.6.8.Final
26-04-2022 01:43:48 [restartedMain] INFO  o.h.annotations.common.Version - HCANN000001: Hibernate Commons Annotations {5.1.2.Final}
26-04-2022 01:43:48 [restartedMain] INFO  org.hibernate.dialect.Dialect - HHH000400: Using dialect: org.hibernate.dialect.MySQL8Dialect
26-04-2022 01:43:49 [restartedMain] INFO  o.h.e.t.j.p.i.JtaPlatformInitiator - HHH000490: Using JtaPlatform implementation: [org.hibernate.engine.transaction.jta.platform.internal.NoJtaPlatform]
26-04-2022 01:43:49 [restartedMain] INFO  o.s.o.j.LocalContainerEntityManagerFactoryBean - Initialized JPA EntityManagerFactory for persistence unit 'Address'
26-04-2022 01:43:50 [restartedMain] WARN  o.s.b.a.o.j.JpaBaseConfiguration$JpaWebConfiguration - spring.jpa.open-in-view is enabled by default. Therefore, database queries may be performed during view rendering. Explicitly configure spring.jpa.open-in-view to disable this warning
26-04-2022 01:43:51 [restartedMain] INFO  o.s.b.d.a.OptionalLiveReloadServer - LiveReload server is running on port 35729
26-04-2022 01:43:51 [restartedMain] INFO  o.s.b.w.e.tomcat.TomcatWebServer - Tomcat started on port(s): 9295 (http) with context path ''
26-04-2022 01:43:51 [restartedMain] INFO  c.e.EmployeeProjectApplication - Started EmployeeProjectApplication in 7.645 seconds (JVM running for 8.929)
26-04-2022 01:59:58 [Thread-5] INFO  o.s.o.j.LocalContainerEntityManagerFactoryBean - Closing JPA EntityManagerFactory for persistence unit 'Address'
26-04-2022 01:59:58 [Thread-5] INFO  com.zaxxer.hikari.HikariDataSource - EmployeePool - Shutdown initiated...
26-04-2022 01:59:58 [Thread-5] INFO  com.zaxxer.hikari.HikariDataSource - EmployeePool - Shutdown completed.
26-04-2022 01:59:58 [restartedMain] INFO  c.e.EmployeeProjectApplication - Starting EmployeeProjectApplication using Java 17.0.2 on Sunny with PID 10933 (/home/paritosh/Music/EmployeeProject/Employee-Project/target/classes started by paritosh in /home/paritosh/Music/EmployeeProject/Employee-Project)
26-04-2022 01:59:58 [restartedMain] INFO  c.e.EmployeeProjectApplication - No active profile set, falling back to 1 default profile: "default"
26-04-2022 01:59:58 [restartedMain] INFO  o.s.d.r.c.RepositoryConfigurationDelegate - Bootstrapping Spring Data JPA repositories in DEFAULT mode.
26-04-2022 01:59:58 [restartedMain] INFO  o.s.d.r.c.RepositoryConfigurationDelegate - Finished Spring Data repository scanning in 5 ms. Found 2 JPA repository interfaces.
26-04-2022 01:59:59 [restartedMain] INFO  o.s.b.w.e.tomcat.TomcatWebServer - Tomcat initialized with port(s): 9295 (http)
26-04-2022 01:59:59 [restartedMain] INFO  o.a.catalina.core.StandardService - Starting service [Tomcat]
26-04-2022 01:59:59 [restartedMain] INFO  o.a.catalina.core.StandardEngine - Starting Servlet engine: [Apache Tomcat/9.0.62]
26-04-2022 01:59:59 [restartedMain] INFO  o.a.c.c.C.[Tomcat].[localhost].[/] - Initializing Spring embedded WebApplicationContext
26-04-2022 01:59:59 [restartedMain] INFO  o.s.b.w.s.c.ServletWebServerApplicationContext - Root WebApplicationContext: initialization completed in 552 ms
26-04-2022 01:59:59 [restartedMain] INFO  com.zaxxer.hikari.HikariDataSource - EmployeePool - Starting...
26-04-2022 01:59:59 [restartedMain] INFO  com.zaxxer.hikari.HikariDataSource - EmployeePool - Start completed.
26-04-2022 01:59:59 [restartedMain] INFO  o.h.jpa.internal.util.LogHelper - HHH000204: Processing PersistenceUnitInfo [name: Address]
26-04-2022 01:59:59 [restartedMain] INFO  org.hibernate.dialect.Dialect - HHH000400: Using dialect: org.hibernate.dialect.MySQL8Dialect
26-04-2022 01:59:59 [restartedMain] INFO  o.h.e.t.j.p.i.JtaPlatformInitiator - HHH000490: Using JtaPlatform implementation: [org.hibernate.engine.transaction.jta.platform.internal.NoJtaPlatform]
26-04-2022 01:59:59 [restartedMain] INFO  o.s.o.j.LocalContainerEntityManagerFactoryBean - Initialized JPA EntityManagerFactory for persistence unit 'Address'
26-04-2022 01:59:59 [restartedMain] WARN  o.s.b.a.o.j.JpaBaseConfiguration$JpaWebConfiguration - spring.jpa.open-in-view is enabled by default. Therefore, database queries may be performed during view rendering. Explicitly configure spring.jpa.open-in-view to disable this warning
26-04-2022 02:00:00 [restartedMain] INFO  o.s.b.d.a.OptionalLiveReloadServer - LiveReload server is running on port 35729
26-04-2022 02:00:00 [restartedMain] INFO  o.s.b.w.e.tomcat.TomcatWebServer - Tomcat started on port(s): 9295 (http) with context path ''
26-04-2022 02:00:00 [restartedMain] INFO  c.e.EmployeeProjectApplication - Started EmployeeProjectApplication in 1.973 seconds (JVM running for 978.121)
26-04-2022 02:00:00 [restartedMain] INFO  o.s.b.d.a.ConditionEvaluationDeltaLoggingListener - Condition evaluation unchanged
26-04-2022 02:04:37 [Thread-7] INFO  o.s.o.j.LocalContainerEntityManagerFactoryBean - Closing JPA EntityManagerFactory for persistence unit 'Address'
26-04-2022 02:04:37 [Thread-7] INFO  com.zaxxer.hikari.HikariDataSource - EmployeePool - Shutdown initiated...
26-04-2022 02:04:37 [Thread-7] INFO  com.zaxxer.hikari.HikariDataSource - EmployeePool - Shutdown completed.
26-04-2022 02:04:37 [restartedMain] INFO  c.e.EmployeeProjectApplication - Starting EmployeeProjectApplication using Java 17.0.2 on Sunny with PID 10933 (/home/paritosh/Music/EmployeeProject/Employee-Project/target/classes started by paritosh in /home/paritosh/Music/EmployeeProject/Employee-Project)
26-04-2022 02:04:37 [restartedMain] INFO  c.e.EmployeeProjectApplication - No active profile set, falling back to 1 default profile: "default"
26-04-2022 02:04:37 [restartedMain] INFO  o.s.d.r.c.RepositoryConfigurationDelegate - Bootstrapping Spring Data JPA repositories in DEFAULT mode.
26-04-2022 02:04:37 [restartedMain] INFO  o.s.d.r.c.RepositoryConfigurationDelegate - Finished Spring Data repository scanning in 5 ms. Found 2 JPA repository interfaces.
26-04-2022 02:04:37 [restartedMain] INFO  o.s.b.w.e.tomcat.TomcatWebServer - Tomcat initialized with port(s): 9295 (http)
26-04-2022 02:04:37 [restartedMain] INFO  o.a.catalina.core.StandardService - Starting service [Tomcat]
26-04-2022 02:04:37 [restartedMain] INFO  o.a.catalina.core.StandardEngine - Starting Servlet engine: [Apache Tomcat/9.0.62]
26-04-2022 02:04:37 [restartedMain] INFO  o.a.c.c.C.[Tomcat].[localhost].[/] - Initializing Spring embedded WebApplicationContext
26-04-2022 02:04:37 [restartedMain] INFO  o.s.b.w.s.c.ServletWebServerApplicationContext - Root WebApplicationContext: initialization completed in 333 ms
26-04-2022 02:04:37 [restartedMain] INFO  com.zaxxer.hikari.HikariDataSource - EmployeePool - Starting...
26-04-2022 02:04:37 [restartedMain] INFO  com.zaxxer.hikari.HikariDataSource - EmployeePool - Start completed.
26-04-2022 02:04:37 [restartedMain] INFO  o.h.jpa.internal.util.LogHelper - HHH000204: Processing PersistenceUnitInfo [name: Address]
26-04-2022 02:04:37 [restartedMain] INFO  org.hibernate.dialect.Dialect - HHH000400: Using dialect: org.hibernate.dialect.MySQL8Dialect
26-04-2022 02:04:37 [restartedMain] INFO  o.h.e.t.j.p.i.JtaPlatformInitiator - HHH000490: Using JtaPlatform implementation: [org.hibernate.engine.transaction.jta.platform.internal.NoJtaPlatform]
26-04-2022 02:04:37 [restartedMain] INFO  o.s.o.j.LocalContainerEntityManagerFactoryBean - Initialized JPA EntityManagerFactory for persistence unit 'Address'
26-04-2022 02:04:38 [restartedMain] WARN  o.s.b.a.o.j.JpaBaseConfiguration$JpaWebConfiguration - spring.jpa.open-in-view is enabled by default. Therefore, database queries may be performed during view rendering. Explicitly configure spring.jpa.open-in-view to disable this warning
26-04-2022 02:04:38 [restartedMain] INFO  o.s.b.d.a.OptionalLiveReloadServer - LiveReload server is running on port 35729
26-04-2022 02:04:38 [restartedMain] INFO  o.s.b.w.e.tomcat.TomcatWebServer - Tomcat started on port(s): 9295 (http) with context path ''
26-04-2022 02:04:38 [restartedMain] INFO  c.e.EmployeeProjectApplication - Started EmployeeProjectApplication in 1.299 seconds (JVM running for 1256.269)
26-04-2022 02:04:38 [restartedMain] INFO  o.s.b.d.a.ConditionEvaluationDeltaLoggingListener - Condition evaluation unchanged
26-04-2022 02:05:15 [Thread-11] INFO  o.s.o.j.LocalContainerEntityManagerFactoryBean - Closing JPA EntityManagerFactory for persistence unit 'Address'
26-04-2022 02:05:15 [Thread-11] INFO  com.zaxxer.hikari.HikariDataSource - EmployeePool - Shutdown initiated...
26-04-2022 02:05:15 [Thread-11] INFO  com.zaxxer.hikari.HikariDataSource - EmployeePool - Shutdown completed.
26-04-2022 02:05:15 [restartedMain] INFO  c.e.EmployeeProjectApplication - Starting EmployeeProjectApplication using Java 17.0.2 on Sunny with PID 10933 (/home/paritosh/Music/EmployeeProject/Employee-Project/target/classes started by paritosh in /home/paritosh/Music/EmployeeProject/Employee-Project)
26-04-2022 02:05:15 [restartedMain] INFO  c.e.EmployeeProjectApplication - No active profile set, falling back to 1 default profile: "default"
26-04-2022 02:05:15 [restartedMain] INFO  o.s.d.r.c.RepositoryConfigurationDelegate - Bootstrapping Spring Data JPA repositories in DEFAULT mode.
26-04-2022 02:05:15 [restartedMain] INFO  o.s.d.r.c.RepositoryConfigurationDelegate - Finished Spring Data repository scanning in 6 ms. Found 2 JPA repository interfaces.
26-04-2022 02:05:15 [restartedMain] INFO  o.s.b.w.e.tomcat.TomcatWebServer - Tomcat initialized with port(s): 9295 (http)
26-04-2022 02:05:15 [restartedMain] INFO  o.a.catalina.core.StandardService - Starting service [Tomcat]
26-04-2022 02:05:15 [restartedMain] INFO  o.a.catalina.core.StandardEngine - Starting Servlet engine: [Apache Tomcat/9.0.62]
26-04-2022 02:05:15 [restartedMain] INFO  o.a.c.c.C.[Tomcat].[localhost].[/] - Initializing Spring embedded WebApplicationContext
26-04-2022 02:05:15 [restartedMain] INFO  o.s.b.w.s.c.ServletWebServerApplicationContext - Root WebApplicationContext: initialization completed in 271 ms
26-04-2022 02:05:15 [restartedMain] INFO  com.zaxxer.hikari.HikariDataSource - EmployeePool - Starting...
26-04-2022 02:05:15 [restartedMain] INFO  com.zaxxer.hikari.HikariDataSource - EmployeePool - Start completed.
26-04-2022 02:05:15 [restartedMain] INFO  o.h.jpa.internal.util.LogHelper - HHH000204: Processing PersistenceUnitInfo [name: Address]
26-04-2022 02:05:15 [restartedMain] INFO  org.hibernate.dialect.Dialect - HHH000400: Using dialect: org.hibernate.dialect.MySQL8Dialect
26-04-2022 02:05:15 [restartedMain] INFO  o.h.e.t.j.p.i.JtaPlatformInitiator - HHH000490: Using JtaPlatform implementation: [org.hibernate.engine.transaction.jta.platform.internal.NoJtaPlatform]
26-04-2022 02:05:15 [restartedMain] INFO  o.s.o.j.LocalContainerEntityManagerFactoryBean - Initialized JPA EntityManagerFactory for persistence unit 'Address'
26-04-2022 02:05:15 [restartedMain] WARN  o.s.b.a.o.j.JpaBaseConfiguration$JpaWebConfiguration - spring.jpa.open-in-view is enabled by default. Therefore, database queries may be performed during view rendering. Explicitly configure spring.jpa.open-in-view to disable this warning
26-04-2022 02:05:16 [restartedMain] INFO  o.s.b.d.a.OptionalLiveReloadServer - LiveReload server is running on port 35729
26-04-2022 02:05:16 [restartedMain] INFO  o.s.b.w.e.tomcat.TomcatWebServer - Tomcat started on port(s): 9295 (http) with context path ''
26-04-2022 02:05:16 [restartedMain] INFO  c.e.EmployeeProjectApplication - Started EmployeeProjectApplication in 0.935 seconds (JVM running for 1293.811)
26-04-2022 02:05:16 [restartedMain] INFO  o.s.b.d.a.ConditionEvaluationDeltaLoggingListener - Condition evaluation unchanged
26-04-2022 02:06:15 [http-nio-9295-exec-1] INFO  o.a.c.c.C.[Tomcat].[localhost].[/] - Initializing Spring DispatcherServlet 'dispatcherServlet'
26-04-2022 02:06:15 [http-nio-9295-exec-1] INFO  o.s.web.servlet.DispatcherServlet - Initializing Servlet 'dispatcherServlet'
26-04-2022 02:06:15 [http-nio-9295-exec-1] INFO  o.s.web.servlet.DispatcherServlet - Completed initialization in 1 ms
26-04-2022 02:08:50 [Thread-15] INFO  o.s.o.j.LocalContainerEntityManagerFactoryBean - Closing JPA EntityManagerFactory for persistence unit 'Address'
26-04-2022 02:08:50 [Thread-15] INFO  com.zaxxer.hikari.HikariDataSource - EmployeePool - Shutdown initiated...
26-04-2022 02:08:50 [Thread-15] INFO  com.zaxxer.hikari.HikariDataSource - EmployeePool - Shutdown completed.
26-04-2022 02:08:50 [restartedMain] INFO  c.e.EmployeeProjectApplication - Starting EmployeeProjectApplication using Java 17.0.2 on Sunny with PID 10933 (/home/paritosh/Music/EmployeeProject/Employee-Project/target/classes started by paritosh in /home/paritosh/Music/EmployeeProject/Employee-Project)
26-04-2022 02:08:50 [restartedMain] INFO  c.e.EmployeeProjectApplication - No active profile set, falling back to 1 default profile: "default"
26-04-2022 02:08:51 [restartedMain] INFO  o.s.d.r.c.RepositoryConfigurationDelegate - Bootstrapping Spring Data JPA repositories in DEFAULT mode.
26-04-2022 02:08:51 [restartedMain] INFO  o.s.d.r.c.RepositoryConfigurationDelegate - Finished Spring Data repository scanning in 8 ms. Found 2 JPA repository interfaces.
26-04-2022 02:08:51 [restartedMain] INFO  o.s.b.w.e.tomcat.TomcatWebServer - Tomcat initialized with port(s): 9295 (http)
26-04-2022 02:08:51 [restartedMain] INFO  o.a.catalina.core.StandardService - Starting service [Tomcat]
26-04-2022 02:08:51 [restartedMain] INFO  o.a.catalina.core.StandardEngine - Starting Servlet engine: [Apache Tomcat/9.0.62]
26-04-2022 02:08:51 [restartedMain] INFO  o.a.c.c.C.[Tomcat].[localhost].[/] - Initializing Spring embedded WebApplicationContext
26-04-2022 02:08:51 [restartedMain] INFO  o.s.b.w.s.c.ServletWebServerApplicationContext - Root WebApplicationContext: initialization completed in 333 ms
26-04-2022 02:08:51 [restartedMain] INFO  com.zaxxer.hikari.HikariDataSource - EmployeePool - Starting...
26-04-2022 02:08:51 [restartedMain] INFO  com.zaxxer.hikari.HikariDataSource - EmployeePool - Start completed.
26-04-2022 02:08:51 [restartedMain] INFO  o.h.jpa.internal.util.LogHelper - HHH000204: Processing PersistenceUnitInfo [name: Address]
26-04-2022 02:08:51 [restartedMain] INFO  org.hibernate.dialect.Dialect - HHH000400: Using dialect: org.hibernate.dialect.MySQL8Dialect
26-04-2022 02:08:51 [restartedMain] INFO  o.h.e.t.j.p.i.JtaPlatformInitiator - HHH000490: Using JtaPlatform implementation: [org.hibernate.engine.transaction.jta.platform.internal.NoJtaPlatform]
26-04-2022 02:08:51 [restartedMain] INFO  o.s.o.j.LocalContainerEntityManagerFactoryBean - Initialized JPA EntityManagerFactory for persistence unit 'Address'
26-04-2022 02:08:51 [restartedMain] WARN  o.s.b.a.o.j.JpaBaseConfiguration$JpaWebConfiguration - spring.jpa.open-in-view is enabled by default. Therefore, database queries may be performed during view rendering. Explicitly configure spring.jpa.open-in-view to disable this warning
26-04-2022 02:08:52 [restartedMain] INFO  o.s.b.d.a.OptionalLiveReloadServer - LiveReload server is running on port 35729
26-04-2022 02:08:52 [restartedMain] INFO  o.s.b.w.e.tomcat.TomcatWebServer - Tomcat started on port(s): 9295 (http) with context path ''
26-04-2022 02:08:52 [restartedMain] INFO  c.e.EmployeeProjectApplication - Started EmployeeProjectApplication in 1.08 seconds (JVM running for 1509.725)
26-04-2022 02:08:52 [restartedMain] INFO  o.s.b.d.a.ConditionEvaluationDeltaLoggingListener - Condition evaluation unchanged
26-04-2022 02:14:57 [Thread-19] INFO  o.s.o.j.LocalContainerEntityManagerFactoryBean - Closing JPA EntityManagerFactory for persistence unit 'Address'
26-04-2022 02:14:57 [Thread-19] INFO  com.zaxxer.hikari.HikariDataSource - EmployeePool - Shutdown initiated...
26-04-2022 02:14:57 [Thread-19] INFO  com.zaxxer.hikari.HikariDataSource - EmployeePool - Shutdown completed.
26-04-2022 02:14:58 [restartedMain] INFO  c.e.EmployeeProjectApplication - Starting EmployeeProjectApplication using Java 17.0.2 on Sunny with PID 10933 (/home/paritosh/Music/EmployeeProject/Employee-Project/target/classes started by paritosh in /home/paritosh/Music/EmployeeProject/Employee-Project)
26-04-2022 02:14:58 [restartedMain] INFO  c.e.EmployeeProjectApplication - No active profile set, falling back to 1 default profile: "default"
26-04-2022 02:14:58 [restartedMain] INFO  o.s.d.r.c.RepositoryConfigurationDelegate - Bootstrapping Spring Data JPA repositories in DEFAULT mode.
26-04-2022 02:14:58 [restartedMain] INFO  o.s.d.r.c.RepositoryConfigurationDelegate - Finished Spring Data repository scanning in 5 ms. Found 2 JPA repository interfaces.
26-04-2022 02:14:58 [restartedMain] INFO  o.s.b.w.e.tomcat.TomcatWebServer - Tomcat initialized with port(s): 9295 (http)
26-04-2022 02:14:58 [restartedMain] INFO  o.a.catalina.core.StandardService - Starting service [Tomcat]
26-04-2022 02:14:58 [restartedMain] INFO  o.a.catalina.core.StandardEngine - Starting Servlet engine: [Apache Tomcat/9.0.62]
26-04-2022 02:14:58 [restartedMain] INFO  o.a.c.c.C.[Tomcat].[localhost].[/] - Initializing Spring embedded WebApplicationContext
26-04-2022 02:14:58 [restartedMain] INFO  o.s.b.w.s.c.ServletWebServerApplicationContext - Root WebApplicationContext: initialization completed in 276 ms
26-04-2022 02:14:58 [restartedMain] INFO  com.zaxxer.hikari.HikariDataSource - EmployeePool - Starting...
26-04-2022 02:14:58 [restartedMain] INFO  com.zaxxer.hikari.HikariDataSource - EmployeePool - Start completed.
26-04-2022 02:14:58 [restartedMain] INFO  o.h.jpa.internal.util.LogHelper - HHH000204: Processing PersistenceUnitInfo [name: Address]
26-04-2022 02:14:58 [restartedMain] INFO  org.hibernate.dialect.Dialect - HHH000400: Using dialect: org.hibernate.dialect.MySQL8Dialect
26-04-2022 02:14:58 [restartedMain] INFO  o.h.e.t.j.p.i.JtaPlatformInitiator - HHH000490: Using JtaPlatform implementation: [org.hibernate.engine.transaction.jta.platform.internal.NoJtaPlatform]
26-04-2022 02:14:58 [restartedMain] INFO  o.s.o.j.LocalContainerEntityManagerFactoryBean - Initialized JPA EntityManagerFactory for persistence unit 'Address'
26-04-2022 02:14:58 [restartedMain] WARN  o.s.b.a.o.j.JpaBaseConfiguration$JpaWebConfiguration - spring.jpa.open-in-view is enabled by default. Therefore, database queries may be performed during view rendering. Explicitly configure spring.jpa.open-in-view to disable this warning
26-04-2022 02:14:59 [restartedMain] INFO  o.s.b.d.a.OptionalLiveReloadServer - LiveReload server is running on port 35729
26-04-2022 02:14:59 [restartedMain] INFO  o.s.b.w.e.tomcat.TomcatWebServer - Tomcat started on port(s): 9295 (http) with context path ''
26-04-2022 02:14:59 [restartedMain] INFO  c.e.EmployeeProjectApplication - Started EmployeeProjectApplication in 0.946 seconds (JVM running for 1876.714)
26-04-2022 02:14:59 [restartedMain] INFO  o.s.b.d.a.ConditionEvaluationDeltaLoggingListener - Condition evaluation unchanged
26-04-2022 02:15:55 [http-nio-9295-exec-1] INFO  o.a.c.c.C.[Tomcat].[localhost].[/] - Initializing Spring DispatcherServlet 'dispatcherServlet'
26-04-2022 02:15:55 [http-nio-9295-exec-1] INFO  o.s.web.servlet.DispatcherServlet - Initializing Servlet 'dispatcherServlet'
26-04-2022 02:15:55 [http-nio-9295-exec-1] INFO  o.s.web.servlet.DispatcherServlet - Completed initialization in 1 ms
26-04-2022 02:15:58 [http-nio-9295-exec-8] INFO  o.s.api.AbstractOpenApiResource - Init duration for springdoc-openapi is: 620 ms
26-04-2022 03:21:28 [Thread-23] INFO  o.s.o.j.LocalContainerEntityManagerFactoryBean - Closing JPA EntityManagerFactory for persistence unit 'Address'
26-04-2022 03:21:28 [Thread-23] INFO  com.zaxxer.hikari.HikariDataSource - EmployeePool - Shutdown initiated...
26-04-2022 03:21:28 [Thread-23] INFO  com.zaxxer.hikari.HikariDataSource - EmployeePool - Shutdown completed.
26-04-2022 03:21:28 [restartedMain] INFO  c.e.EmployeeProjectApplication - Starting EmployeeProjectApplication using Java 17.0.2 on Sunny with PID 10933 (/home/paritosh/Music/EmployeeProject/Employee-Project/target/classes started by paritosh in /home/paritosh/Music/EmployeeProject/Employee-Project)
26-04-2022 03:21:28 [restartedMain] INFO  c.e.EmployeeProjectApplication - No active profile set, falling back to 1 default profile: "default"
26-04-2022 03:21:28 [restartedMain] INFO  o.s.d.r.c.RepositoryConfigurationDelegate - Bootstrapping Spring Data JPA repositories in DEFAULT mode.
26-04-2022 03:21:28 [restartedMain] INFO  o.s.d.r.c.RepositoryConfigurationDelegate - Finished Spring Data repository scanning in 8 ms. Found 2 JPA repository interfaces.
26-04-2022 03:21:28 [restartedMain] INFO  o.s.b.w.e.tomcat.TomcatWebServer - Tomcat initialized with port(s): 9295 (http)
26-04-2022 03:21:28 [restartedMain] INFO  o.a.catalina.core.StandardService - Starting service [Tomcat]
26-04-2022 03:21:28 [restartedMain] INFO  o.a.catalina.core.StandardEngine - Starting Servlet engine: [Apache Tomcat/9.0.62]
26-04-2022 03:21:28 [restartedMain] INFO  o.a.c.c.C.[Tomcat].[localhost].[/] - Initializing Spring embedded WebApplicationContext
26-04-2022 03:21:28 [restartedMain] INFO  o.s.b.w.s.c.ServletWebServerApplicationContext - Root WebApplicationContext: initialization completed in 270 ms
26-04-2022 03:21:28 [restartedMain] INFO  com.zaxxer.hikari.HikariDataSource - EmployeePool - Starting...
26-04-2022 03:21:28 [restartedMain] INFO  com.zaxxer.hikari.HikariDataSource - EmployeePool - Start completed.
26-04-2022 03:21:28 [restartedMain] INFO  o.h.jpa.internal.util.LogHelper - HHH000204: Processing PersistenceUnitInfo [name: Address]
26-04-2022 03:21:28 [restartedMain] INFO  org.hibernate.dialect.Dialect - HHH000400: Using dialect: org.hibernate.dialect.MySQL8Dialect
26-04-2022 03:21:28 [restartedMain] INFO  o.h.e.t.j.p.i.JtaPlatformInitiator - HHH000490: Using JtaPlatform implementation: [org.hibernate.engine.transaction.jta.platform.internal.NoJtaPlatform]
26-04-2022 03:21:28 [restartedMain] INFO  o.s.o.j.LocalContainerEntityManagerFactoryBean - Initialized JPA EntityManagerFactory for persistence unit 'Address'
26-04-2022 03:21:28 [restartedMain] WARN  o.s.b.a.o.j.JpaBaseConfiguration$JpaWebConfiguration - spring.jpa.open-in-view is enabled by default. Therefore, database queries may be performed during view rendering. Explicitly configure spring.jpa.open-in-view to disable this warning
26-04-2022 03:21:29 [restartedMain] INFO  o.s.b.d.a.OptionalLiveReloadServer - LiveReload server is running on port 35729
26-04-2022 03:21:29 [restartedMain] INFO  o.s.b.w.e.tomcat.TomcatWebServer - Tomcat started on port(s): 9295 (http) with context path ''
26-04-2022 03:21:29 [restartedMain] INFO  c.e.EmployeeProjectApplication - Started EmployeeProjectApplication in 0.975 seconds (JVM running for 5866.927)
26-04-2022 03:21:29 [restartedMain] INFO  o.s.b.d.a.ConditionEvaluationDeltaLoggingListener - Condition evaluation unchanged
26-04-2022 03:22:45 [http-nio-9295-exec-3] INFO  o.a.c.c.C.[Tomcat].[localhost].[/] - Initializing Spring DispatcherServlet 'dispatcherServlet'
26-04-2022 03:22:45 [http-nio-9295-exec-3] INFO  o.s.web.servlet.DispatcherServlet - Initializing Servlet 'dispatcherServlet'
26-04-2022 03:22:45 [http-nio-9295-exec-3] INFO  o.s.web.servlet.DispatcherServlet - Completed initialization in 1 ms
26-04-2022 03:22:45 [http-nio-9295-exec-3] WARN  o.s.w.s.m.m.a.ExceptionHandlerExceptionResolver - Resolved [org.springframework.web.bind.MethodArgumentNotValidException: Validation failed for argument [0] in public org.springframework.http.ResponseEntity<com.employee.VO.response.CommonEmployeeResponse> com.employee.controller.EmployeeController.saveEmployee(com.employee.entity.Employee): [Field error in object 'employee' on field 'designation': rejected value []; codes [NotEmpty.employee.designation,NotEmpty.designation,NotEmpty.java.lang.String,NotEmpty]; arguments [org.springframework.context.support.DefaultMessageSourceResolvable: codes [employee.designation,designation]; arguments []; default message [designation]]; default message [Please Enter designation]] ]
26-04-2022 03:23:22 [Thread-27] INFO  o.s.o.j.LocalContainerEntityManagerFactoryBean - Closing JPA EntityManagerFactory for persistence unit 'Address'
26-04-2022 03:23:22 [Thread-27] INFO  com.zaxxer.hikari.HikariDataSource - EmployeePool - Shutdown initiated...
26-04-2022 03:23:22 [Thread-27] INFO  com.zaxxer.hikari.HikariDataSource - EmployeePool - Shutdown completed.
26-04-2022 03:23:22 [restartedMain] INFO  c.e.EmployeeProjectApplication - Starting EmployeeProjectApplication using Java 17.0.2 on Sunny with PID 10933 (/home/paritosh/Music/EmployeeProject/Employee-Project/target/classes started by paritosh in /home/paritosh/Music/EmployeeProject/Employee-Project)
26-04-2022 03:23:22 [restartedMain] INFO  c.e.EmployeeProjectApplication - No active profile set, falling back to 1 default profile: "default"
26-04-2022 03:23:23 [restartedMain] INFO  o.s.d.r.c.RepositoryConfigurationDelegate - Bootstrapping Spring Data JPA repositories in DEFAULT mode.
26-04-2022 03:23:23 [restartedMain] INFO  o.s.d.r.c.RepositoryConfigurationDelegate - Finished Spring Data repository scanning in 4 ms. Found 2 JPA repository interfaces.
26-04-2022 03:23:23 [restartedMain] INFO  o.s.b.w.e.tomcat.TomcatWebServer - Tomcat initialized with port(s): 9295 (http)
26-04-2022 03:23:23 [restartedMain] INFO  o.a.catalina.core.StandardService - Starting service [Tomcat]
26-04-2022 03:23:23 [restartedMain] INFO  o.a.catalina.core.StandardEngine - Starting Servlet engine: [Apache Tomcat/9.0.62]
26-04-2022 03:23:23 [restartedMain] INFO  o.a.c.c.C.[Tomcat].[localhost].[/] - Initializing Spring embedded WebApplicationContext
26-04-2022 03:23:23 [restartedMain] INFO  o.s.b.w.s.c.ServletWebServerApplicationContext - Root WebApplicationContext: initialization completed in 262 ms
26-04-2022 03:23:23 [restartedMain] INFO  com.zaxxer.hikari.HikariDataSource - EmployeePool - Starting...
26-04-2022 03:23:23 [restartedMain] INFO  com.zaxxer.hikari.HikariDataSource - EmployeePool - Start completed.
26-04-2022 03:23:23 [restartedMain] INFO  o.h.jpa.internal.util.LogHelper - HHH000204: Processing PersistenceUnitInfo [name: Address]
26-04-2022 03:23:23 [restartedMain] INFO  org.hibernate.dialect.Dialect - HHH000400: Using dialect: org.hibernate.dialect.MySQL8Dialect
26-04-2022 03:23:23 [restartedMain] INFO  o.h.e.t.j.p.i.JtaPlatformInitiator - HHH000490: Using JtaPlatform implementation: [org.hibernate.engine.transaction.jta.platform.internal.NoJtaPlatform]
26-04-2022 03:23:23 [restartedMain] INFO  o.s.o.j.LocalContainerEntityManagerFactoryBean - Initialized JPA EntityManagerFactory for persistence unit 'Address'
26-04-2022 03:23:23 [restartedMain] WARN  o.s.b.a.o.j.JpaBaseConfiguration$JpaWebConfiguration - spring.jpa.open-in-view is enabled by default. Therefore, database queries may be performed during view rendering. Explicitly configure spring.jpa.open-in-view to disable this warning
26-04-2022 03:23:23 [restartedMain] INFO  o.s.b.d.a.OptionalLiveReloadServer - LiveReload server is running on port 35729
26-04-2022 03:23:23 [restartedMain] INFO  o.s.b.w.e.tomcat.TomcatWebServer - Tomcat started on port(s): 9295 (http) with context path ''
26-04-2022 03:23:23 [restartedMain] INFO  c.e.EmployeeProjectApplication - Started EmployeeProjectApplication in 0.918 seconds (JVM running for 5981.489)
26-04-2022 03:23:23 [restartedMain] INFO  o.s.b.d.a.ConditionEvaluationDeltaLoggingListener - Condition evaluation unchanged
26-04-2022 03:25:09 [Thread-31] INFO  o.s.o.j.LocalContainerEntityManagerFactoryBean - Closing JPA EntityManagerFactory for persistence unit 'Address'
26-04-2022 03:25:09 [Thread-31] INFO  com.zaxxer.hikari.HikariDataSource - EmployeePool - Shutdown initiated...
26-04-2022 03:25:09 [Thread-31] INFO  com.zaxxer.hikari.HikariDataSource - EmployeePool - Shutdown completed.
26-04-2022 03:25:09 [restartedMain] INFO  c.e.EmployeeProjectApplication - Starting EmployeeProjectApplication using Java 17.0.2 on Sunny with PID 10933 (/home/paritosh/Music/EmployeeProject/Employee-Project/target/classes started by paritosh in /home/paritosh/Music/EmployeeProject/Employee-Project)
26-04-2022 03:25:09 [restartedMain] INFO  c.e.EmployeeProjectApplication - No active profile set, falling back to 1 default profile: "default"
26-04-2022 03:25:09 [restartedMain] INFO  o.s.d.r.c.RepositoryConfigurationDelegate - Bootstrapping Spring Data JPA repositories in DEFAULT mode.
26-04-2022 03:25:09 [restartedMain] INFO  o.s.d.r.c.RepositoryConfigurationDelegate - Finished Spring Data repository scanning in 11 ms. Found 2 JPA repository interfaces.
26-04-2022 03:25:09 [restartedMain] INFO  o.s.b.w.e.tomcat.TomcatWebServer - Tomcat initialized with port(s): 9295 (http)
26-04-2022 03:25:09 [restartedMain] INFO  o.a.catalina.core.StandardService - Starting service [Tomcat]
26-04-2022 03:25:09 [restartedMain] INFO  o.a.catalina.core.StandardEngine - Starting Servlet engine: [Apache Tomcat/9.0.62]
26-04-2022 03:25:09 [restartedMain] INFO  o.a.c.c.C.[Tomcat].[localhost].[/] - Initializing Spring embedded WebApplicationContext
26-04-2022 03:25:09 [restartedMain] INFO  o.s.b.w.s.c.ServletWebServerApplicationContext - Root WebApplicationContext: initialization completed in 314 ms
26-04-2022 03:25:09 [restartedMain] INFO  com.zaxxer.hikari.HikariDataSource - EmployeePool - Starting...
26-04-2022 03:25:09 [restartedMain] INFO  com.zaxxer.hikari.HikariDataSource - EmployeePool - Start completed.
26-04-2022 03:25:09 [restartedMain] INFO  o.h.jpa.internal.util.LogHelper - HHH000204: Processing PersistenceUnitInfo [name: Address]
26-04-2022 03:25:09 [restartedMain] INFO  org.hibernate.dialect.Dialect - HHH000400: Using dialect: org.hibernate.dialect.MySQL8Dialect
26-04-2022 03:25:09 [restartedMain] INFO  o.h.e.t.j.p.i.JtaPlatformInitiator - HHH000490: Using JtaPlatform implementation: [org.hibernate.engine.transaction.jta.platform.internal.NoJtaPlatform]
26-04-2022 03:25:09 [restartedMain] INFO  o.s.o.j.LocalContainerEntityManagerFactoryBean - Initialized JPA EntityManagerFactory for persistence unit 'Address'
26-04-2022 03:25:10 [restartedMain] WARN  o.s.b.a.o.j.JpaBaseConfiguration$JpaWebConfiguration - spring.jpa.open-in-view is enabled by default. Therefore, database queries may be performed during view rendering. Explicitly configure spring.jpa.open-in-view to disable this warning
26-04-2022 03:25:10 [restartedMain] INFO  o.s.b.d.a.OptionalLiveReloadServer - LiveReload server is running on port 35729
26-04-2022 03:25:10 [restartedMain] INFO  o.s.b.w.e.tomcat.TomcatWebServer - Tomcat started on port(s): 9295 (http) with context path ''
26-04-2022 03:25:10 [restartedMain] INFO  c.e.EmployeeProjectApplication - Started EmployeeProjectApplication in 0.937 seconds (JVM running for 6088.034)
26-04-2022 03:25:10 [restartedMain] INFO  o.s.b.d.a.ConditionEvaluationDeltaLoggingListener - Condition evaluation unchanged
26-04-2022 03:26:39 [Thread-35] INFO  o.s.o.j.LocalContainerEntityManagerFactoryBean - Closing JPA EntityManagerFactory for persistence unit 'Address'
26-04-2022 03:26:39 [Thread-35] INFO  com.zaxxer.hikari.HikariDataSource - EmployeePool - Shutdown initiated...
26-04-2022 03:26:39 [Thread-35] INFO  com.zaxxer.hikari.HikariDataSource - EmployeePool - Shutdown completed.
26-04-2022 03:26:39 [restartedMain] INFO  c.e.EmployeeProjectApplication - Starting EmployeeProjectApplication using Java 17.0.2 on Sunny with PID 10933 (/home/paritosh/Music/EmployeeProject/Employee-Project/target/classes started by paritosh in /home/paritosh/Music/EmployeeProject/Employee-Project)
26-04-2022 03:26:39 [restartedMain] INFO  c.e.EmployeeProjectApplication - No active profile set, falling back to 1 default profile: "default"
26-04-2022 03:26:39 [restartedMain] INFO  o.s.d.r.c.RepositoryConfigurationDelegate - Bootstrapping Spring Data JPA repositories in DEFAULT mode.
26-04-2022 03:26:39 [restartedMain] INFO  o.s.d.r.c.RepositoryConfigurationDelegate - Finished Spring Data repository scanning in 7 ms. Found 2 JPA repository interfaces.
26-04-2022 03:26:39 [restartedMain] INFO  o.s.b.w.e.tomcat.TomcatWebServer - Tomcat initialized with port(s): 9295 (http)
26-04-2022 03:26:39 [restartedMain] INFO  o.a.catalina.core.StandardService - Starting service [Tomcat]
26-04-2022 03:26:39 [restartedMain] INFO  o.a.catalina.core.StandardEngine - Starting Servlet engine: [Apache Tomcat/9.0.62]
26-04-2022 03:26:39 [restartedMain] INFO  o.a.c.c.C.[Tomcat].[localhost].[/] - Initializing Spring embedded WebApplicationContext
26-04-2022 03:26:39 [restartedMain] INFO  o.s.b.w.s.c.ServletWebServerApplicationContext - Root WebApplicationContext: initialization completed in 302 ms
26-04-2022 03:26:39 [restartedMain] INFO  com.zaxxer.hikari.HikariDataSource - EmployeePool - Starting...
26-04-2022 03:26:39 [restartedMain] INFO  com.zaxxer.hikari.HikariDataSource - EmployeePool - Start completed.
26-04-2022 03:26:39 [restartedMain] INFO  o.h.jpa.internal.util.LogHelper - HHH000204: Processing PersistenceUnitInfo [name: Address]
26-04-2022 03:26:39 [restartedMain] INFO  org.hibernate.dialect.Dialect - HHH000400: Using dialect: org.hibernate.dialect.MySQL8Dialect
26-04-2022 03:26:39 [restartedMain] INFO  o.h.e.t.j.p.i.JtaPlatformInitiator - HHH000490: Using JtaPlatform implementation: [org.hibernate.engine.transaction.jta.platform.internal.NoJtaPlatform]
26-04-2022 03:26:39 [restartedMain] INFO  o.s.o.j.LocalContainerEntityManagerFactoryBean - Initialized JPA EntityManagerFactory for persistence unit 'Address'
26-04-2022 03:26:39 [restartedMain] WARN  o.s.b.a.o.j.JpaBaseConfiguration$JpaWebConfiguration - spring.jpa.open-in-view is enabled by default. Therefore, database queries may be performed during view rendering. Explicitly configure spring.jpa.open-in-view to disable this warning
26-04-2022 03:26:40 [restartedMain] INFO  o.s.b.d.a.OptionalLiveReloadServer - LiveReload server is running on port 35729
26-04-2022 03:26:40 [restartedMain] INFO  o.s.b.w.e.tomcat.TomcatWebServer - Tomcat started on port(s): 9295 (http) with context path ''
26-04-2022 03:26:40 [restartedMain] INFO  c.e.EmployeeProjectApplication - Started EmployeeProjectApplication in 0.889 seconds (JVM running for 6177.909)
26-04-2022 03:26:40 [restartedMain] INFO  o.s.b.d.a.ConditionEvaluationDeltaLoggingListener - Condition evaluation unchanged
26-04-2022 03:41:03 [Thread-39] INFO  o.s.o.j.LocalContainerEntityManagerFactoryBean - Closing JPA EntityManagerFactory for persistence unit 'Address'
26-04-2022 03:41:03 [Thread-39] INFO  com.zaxxer.hikari.HikariDataSource - EmployeePool - Shutdown initiated...
26-04-2022 03:41:03 [Thread-39] INFO  com.zaxxer.hikari.HikariDataSource - EmployeePool - Shutdown completed.
26-04-2022 03:41:03 [restartedMain] INFO  c.e.EmployeeProjectApplication - Starting EmployeeProjectApplication using Java 17.0.2 on Sunny with PID 10933 (/home/paritosh/Music/EmployeeProject/Employee-Project/target/classes started by paritosh in /home/paritosh/Music/EmployeeProject/Employee-Project)
26-04-2022 03:41:03 [restartedMain] INFO  c.e.EmployeeProjectApplication - No active profile set, falling back to 1 default profile: "default"
26-04-2022 03:41:03 [restartedMain] INFO  o.s.d.r.c.RepositoryConfigurationDelegate - Bootstrapping Spring Data JPA repositories in DEFAULT mode.
26-04-2022 03:41:03 [restartedMain] INFO  o.s.d.r.c.RepositoryConfigurationDelegate - Finished Spring Data repository scanning in 4 ms. Found 2 JPA repository interfaces.
26-04-2022 03:41:03 [restartedMain] INFO  o.s.b.w.e.tomcat.TomcatWebServer - Tomcat initialized with port(s): 9295 (http)
26-04-2022 03:41:03 [restartedMain] INFO  o.a.catalina.core.StandardService - Starting service [Tomcat]
26-04-2022 03:41:03 [restartedMain] INFO  o.a.catalina.core.StandardEngine - Starting Servlet engine: [Apache Tomcat/9.0.62]
26-04-2022 03:41:03 [restartedMain] INFO  o.a.c.c.C.[Tomcat].[localhost].[/] - Initializing Spring embedded WebApplicationContext
26-04-2022 03:41:03 [restartedMain] INFO  o.s.b.w.s.c.ServletWebServerApplicationContext - Root WebApplicationContext: initialization completed in 309 ms
26-04-2022 03:41:03 [restartedMain] INFO  com.zaxxer.hikari.HikariDataSource - EmployeePool - Starting...
26-04-2022 03:41:03 [restartedMain] INFO  com.zaxxer.hikari.HikariDataSource - EmployeePool - Start completed.
26-04-2022 03:41:03 [restartedMain] INFO  o.h.jpa.internal.util.LogHelper - HHH000204: Processing PersistenceUnitInfo [name: Address]
26-04-2022 03:41:03 [restartedMain] INFO  org.hibernate.dialect.Dialect - HHH000400: Using dialect: org.hibernate.dialect.MySQL8Dialect
26-04-2022 03:41:03 [restartedMain] INFO  o.h.e.t.j.p.i.JtaPlatformInitiator - HHH000490: Using JtaPlatform implementation: [org.hibernate.engine.transaction.jta.platform.internal.NoJtaPlatform]
26-04-2022 03:41:03 [restartedMain] INFO  o.s.o.j.LocalContainerEntityManagerFactoryBean - Initialized JPA EntityManagerFactory for persistence unit 'Address'
26-04-2022 03:41:04 [restartedMain] WARN  o.s.b.a.o.j.JpaBaseConfiguration$JpaWebConfiguration - spring.jpa.open-in-view is enabled by default. Therefore, database queries may be performed during view rendering. Explicitly configure spring.jpa.open-in-view to disable this warning
26-04-2022 03:41:04 [restartedMain] INFO  o.s.b.d.a.OptionalLiveReloadServer - LiveReload server is running on port 35729
26-04-2022 03:41:04 [restartedMain] INFO  o.s.b.w.e.tomcat.TomcatWebServer - Tomcat started on port(s): 9295 (http) with context path ''
26-04-2022 03:41:04 [restartedMain] INFO  c.e.EmployeeProjectApplication - Started EmployeeProjectApplication in 0.995 seconds (JVM running for 7042.207)
26-04-2022 03:41:04 [restartedMain] INFO  o.s.b.d.a.ConditionEvaluationDeltaLoggingListener - Condition evaluation unchanged
26-04-2022 03:41:13 [RMI TCP Connection(170)-127.0.0.1] INFO  o.s.b.a.SpringApplicationAdminMXBeanRegistrar$SpringApplicationAdmin - Application shutdown requested.
26-04-2022 03:41:13 [RMI TCP Connection(170)-127.0.0.1] INFO  o.s.o.j.LocalContainerEntityManagerFactoryBean - Closing JPA EntityManagerFactory for persistence unit 'Address'
26-04-2022 03:41:13 [RMI TCP Connection(170)-127.0.0.1] INFO  com.zaxxer.hikari.HikariDataSource - EmployeePool - Shutdown initiated...
26-04-2022 03:41:13 [RMI TCP Connection(170)-127.0.0.1] INFO  com.zaxxer.hikari.HikariDataSource - EmployeePool - Shutdown completed.
